Jan 20 12:25 : exception: Failed to open '/home/dat-adi/.config/mpd/state': No such file or directory
Jan 20 12:25 : update: added /MGK - DAYWALKER.mp3
Jan 20 12:25 : update: added /Wallows - Are You Bored Yet (Lyrics) ft. Clairo.mp3
Jan 20 12:25 : update: added /blackbear - u love u (ft. Tate McRae) [Official Music Video].mp3
Jan 20 12:25 : update: added /Joji - Fear & Misery (Lyrics).mp3
Jan 20 12:25 : update: added /Murgi_sounds.wav
Jan 20 12:25 : update: added /Aries - SAYONARA.mp3
Jan 20 12:25 : update: added youtube/murgi_battle_music.mp3
Jan 20 12:25 : update: added /Joji & Diplo - Daylight (Official Music Video).mp3
Jan 20 12:49 : exception: No such directory
Jan 20 12:49 : exception: No such directory
Jan 20 12:49 : exception: No such directory
Jan 20 12:53 : player: played "Aries - SAYONARA.mp3"
Jan 20 12:58 : player: played "Aries - SAYONARA.mp3"
Jan 20 13:01 : player: played "blackbear - u love u (ft. Tate McRae) [Official Music Video].mp3"
Jan 20 13:23 : player: played "Aries - SAYONARA.mp3"
Jan 20 13:46 : player: played "blackbear - u love u (ft. Tate McRae) [Official Music Video].mp3"
Jan 20 15:14 : player: played "blackbear - u love u (ft. Tate McRae) [Official Music Video].mp3"
Jan 20 15:18 : player: played "Aries - SAYONARA.mp3"
Jan 20 15:21 : player: played "blackbear - u love u (ft. Tate McRae) [Official Music Video].mp3"
Jan 20 15:24 : player: played "Aries - SAYONARA.mp3"
Jan 20 15:28 : player: played "blackbear - u love u (ft. Tate McRae) [Official Music Video].mp3"
Jan 20 15:42 : player: played "Aries - SAYONARA.mp3"
Jan 20 15:45 : player: played "blackbear - u love u (ft. Tate McRae) [Official Music Video].mp3"
Jan 20 15:46 : player: played "Aries - SAYONARA.mp3"
Jan 20 15:49 : player: played "Joji - Fear & Misery (Lyrics).mp3"
Jan 20 15:50 : exception: No such playlist
Jan 20 15:58 : player: played "youtube/murgi_battle_music.mp3"
Jan 20 15:58 : update: removing youtube/murgi_battle_music.mp3
Jan 20 15:58 : update: removing Murgi_sounds.wav
Jan 20 16:02 : player: played "Aries - SAYONARA.mp3"
Jan 20 16:05 : player: played "blackbear - u love u (ft. Tate McRae) [Official Music Video].mp3"
Jan 20 16:09 : player: played "Joji & Diplo - Daylight (Official Music Video).mp3"
Jan 20 16:11 : player: played "Joji - Fear & Misery (Lyrics).mp3"
Jan 20 16:14 : player: played "MGK - DAYWALKER.mp3"
Jan 20 16:17 : player: played "Wallows - Are You Bored Yet (Lyrics) ft. Clairo.mp3"
Jan 20 16:21 : player: played "Aries - SAYONARA.mp3"
Jan 20 16:24 : player: played "blackbear - u love u (ft. Tate McRae) [Official Music Video].mp3"
Jan 20 16:28 : player: played "Joji & Diplo - Daylight (Official Music Video).mp3"
